{"D:\\study\\github\\uiLibrary\\packages\\button\\index.vue": {"path":"D:\\study\\github\\uiLibrary\\packages\\button\\index.vue","statementMap":{"0":{"start":{"line":63,"column":0},"end":{"line":65,"column":null}},"1":{"start":{"line":64,"column":0},"end":{"line":64,"column":null}},"2":{"start":{"line":68,"column":0},"end":{"line":68,"column":null}}},"fnMap":{"0":{"name":"handleClick","decl":{"start":{"line":62,"column":0},"end":{"line":62,"column":null}},"loc":{"start":{"line":62,"column":0},"end":{"line":66,"column":null}}},"1":{"name":"handleTouch","decl":{"start":{"line":67,"column":0},"end":{"line":67,"column":null}},"loc":{"start":{"line":67,"column":0},"end":{"line":69,"column":null}}}},"branchMap":{"0":{"loc":{"start":{"line":63,"column":0},"end":{"line":65,"column":null}},"type":"if","locations":[{"start":{"line":63,"column":0},"end":{"line":65,"column":null}},{"start":{"line":63,"column":0},"end":{"line":65,"column":null}}]}},"s":{"0":2,"1":1,"2":1},"f":{"0":2,"1":1},"b":{"0":[1,1]}}
}
